{
  "stats": {
    "suites": 1,
    "tests": 1,
    "passes": 0,
    "pending": 0,
    "failures": 1,
    "start": "2018-02-27T10:53:02.773Z",
    "end": "2018-02-27T10:53:02.779Z",
    "duration": 6,
    "testsRegistered": 1,
    "passPercent": 0,
    "pendingPercent": 0,
    "other": 0,
    "hasOther": false,
    "skipped": 0,
    "hasSkipped": false,
    "passPercentClass": "danger",
    "pendingPercentClass": "danger"
  },
  "suites": {
    "uuid": "929a4edd-e5b0-47f9-8964-3076823218ae",
    "title": "",
    "fullFile": "",
    "file": "",
    "beforeHooks": [],
    "afterHooks": [],
    "tests": [],
    "suites": [
      {
        "uuid": "38b5df75-ec90-4d0b-aab0-2582f171c7a8",
        "title": "Operators",
        "fullFile": "/Users/ibrahim/GitHub/Vanilla-JavaScript-Calculator/test/test.js",
        "file": "/test/test.js",
        "beforeHooks": [],
        "afterHooks": [],
        "tests": [
          {
            "title": "Should add user input to a running total correctly",
            "fullTitle": "Operators Should add user input to a running total correctly",
            "timedOut": false,
            "duration": 1,
            "state": "failed",
            "pass": false,
            "fail": true,
            "pending": false,
            "code": "expect(total).to.equal(50);",
            "err": {
              "message": "ReferenceError: expect is not defined",
              "estack": "ReferenceError: expect is not defined\n    at Context.<anonymous> (test/test.js:11:5)"
            },
            "isRoot": false,
            "uuid": "1f9ee09f-fa56-4a3d-9fd4-be5c7186b6ec",
            "isHook": false,
            "skipped": false
          }
        ],
        "suites": [],
        "passes": [],
        "failures": [
          "1f9ee09f-fa56-4a3d-9fd4-be5c7186b6ec"
        ],
        "pending": [],
        "skipped": [],
        "duration": 1,
        "root": false,
        "rootEmpty": false,
        "_timeout": 2000
      }
    ],
    "passes": [],
    "failures": [],
    "pending": [],
    "skipped": [],
    "duration": 0,
    "root": true,
    "rootEmpty": true,
    "_timeout": 2000
  },
  "copyrightYear": 2018
}